  
  D:\new_start\3150A3\3150A3>"C:\Program Files\NVIDIA GPU Computing Toolkit\CUDA\v9.2\bin\nvcc.exe" -dlink -o x64\Debug\3150A3.device-link.obj -Xcompiler "/EHsc /W3 /nologo /Od /Zi /RTC1 /MDd " -L"C:\Program Files\NVIDIA GPU Computing Toolkit\CUDA\v9.2\lib\x64" cudart_static.lib kernel32.lib user32.lib gdi32.lib winspool.lib comdlg32.lib advapi32.lib shell32.lib ole32.lib oleaut32.lib uuid.lib odbc32.lib odbccp32.lib  -gencode=arch=compute_30,code=sm_30 -G --machine 64 x64\Debug\main.cu.obj x64\Debug\user_program.cu.obj x64\Debug\virtual_memory.cu.obj 
  cudart_static.lib
  kernel32.lib
  user32.lib
  gdi32.lib
  winspool.lib
  comdlg32.lib
  advapi32.lib
  shell32.lib
  ole32.lib
  oleaut32.lib
  uuid.lib
  odbc32.lib
  odbccp32.lib
  main.cu.obj
  user_program.cu.obj
  virtual_memory.cu.obj
  LINK : D:\new_start\3150A3\x64\Debug\3150A3.exe not found or not built by the last incremental link; performing full link
     Creating library D:\new_start\3150A3\x64\Debug\3150A3.lib and object D:\new_start\3150A3\x64\Debug\3150A3.exp
  3150A3.vcxproj -> D:\new_start\3150A3\x64\Debug\3150A3.exe
  3150A3.vcxproj -> D:\new_start\3150A3\x64\Debug\3150A3.pdb (Full PDB)
